Using pre-set license
Built from '2020.3/staging' branch; Version is '2020.3.16f1 (049d6eca3c44) revision 302446'; Using compiler version '192528614'; Build Type 'Release'
OS: 'Windows 10 Education; OS build 19044.1348; Version 2009; 64bit' Language: 'en' Physical Memory: 16221 MB
BatchMode: 1, IsHumanControllingUs: 0, StartBugReporterOnCrash: 0, Is64bit: 1, IsPro: 0

 COMMAND LINE ARGUMENTS:
C:\Program Files\Unity\Hub\Editor\2020.3.16f1\Editor\Unity.exe
-adb2
-batchMode
-noUpm
-name
AssetImportWorker0
-projectPath
C:/Users/AndersH채gglund/Unity projects/DragonSnake_DesignPatterns
-logFile
Logs/AssetImportWorker0.log
-srvPort
63524
Successfully changed project path to: C:/Users/AndersH채gglund/Unity projects/DragonSnake_DesignPatterns
C:/Users/AndersH채gglund/Unity projects/DragonSnake_DesignPatterns
Using Asset Import Pipeline V2.
Refreshing native plugins compatible for Editor in 34.89 ms, found 2 plugins.
Preloading 0 native plugins for Editor in 0.00 ms.
Initialize engine version: 2020.3.16f1 (049d6eca3c44)
[Subsystems] Discovering subsystems at path C:/Program Files/Unity/Hub/Editor/2020.3.16f1/Editor/Data/Resources/UnitySubsystems
[Subsystems] Discovering subsystems at path C:/Users/AndersH채gglund/Unity projects/DragonSnake_DesignPatterns/Assets
GfxDevice: creating device client; threaded=0
Direct3D:
    Version:  Direct3D 11.0 [level 11.1]
    Renderer: NVIDIA GeForce RTX 3060 (ID=0x2504)
    Vendor:   
    VRAM:     12143 MB
    Driver:   30.0.14.7168
Shader 'Universal Render Pipeline/Particles/Lit': fallback shader 'Universal Render Pipeline/Particles/SimpleLit' not found
Initialize mono
Mono path[0] = 'C:/Program Files/Unity/Hub/Editor/2020.3.16f1/Editor/Data/Managed'
Mono path[1] = 'C:/Program Files/Unity/Hub/Editor/2020.3.16f1/Editor/Data/MonoBleedingEdge/lib/mono/unityjit'
Mono config path = 'C:/Program Files/Unity/Hub/Editor/2020.3.16f1/Editor/Data/MonoBleedingEdge/etc'
Using monoOptions --debugger-agent=transport=dt_socket,embedding=1,server=y,suspend=n,address=127.0.0.1:56312
Begin MonoManager ReloadAssembly
Registering precompiled unity dll's ...
Register platform support module: C:/Program Files/Unity/Hub/Editor/2020.3.16f1/Editor/Data/PlaybackEngines/MacStandaloneSupport/UnityEditor.OSXStandalone.Extensions.dll
Register platform support module: C:/Program Files/Unity/Hub/Editor/2020.3.16f1/Editor/Data/PlaybackEngines/WindowsStandaloneSupport/UnityEditor.WindowsStandalone.Extensions.dll
Registered in 0.001410 seconds.
Native extension for WindowsStandalone target not found
Native extension for OSXStandalone target not found
Refreshing native plugins compatible for Editor in 36.35 ms, found 2 plugins.
Preloading 0 native plugins for Editor in 0.00 ms.
Mono: successfully reloaded assembly
- Completed reload, in  1.136 seconds
Domain Reload Profiling:
	ReloadAssembly (1136ms)
		BeginReloadAssembly (38ms)
			ExecutionOrderSort (0ms)
			DisableScriptedObjects (0ms)
			BackupInstance (0ms)
			ReleaseScriptingObjects (0ms)
			CreateAndSetChildDomain (1ms)
		EndReloadAssembly (274ms)
			LoadAssemblies (37ms)
			RebuildTransferFunctionScriptingTraits (0ms)
			SetupTypeCache (89ms)
			ReleaseScriptCaches (0ms)
			RebuildScriptCaches (20ms)
			SetupLoadedEditorAssemblies (122ms)
				LogAssemblyErrors (0ms)
				InitializePlatformSupportModulesInManaged (3ms)
				SetLoadedEditorAssemblies (0ms)
				RefreshPlugins (36ms)
				BeforeProcessingInitializeOnLoad (11ms)
				ProcessInitializeOnLoadAttributes (52ms)
				ProcessInitializeOnLoadMethodAttributes (19ms)
				AfterProcessingInitializeOnLoad (0ms)
				EditorAssembliesLoaded (0ms)
			ExecutionOrderSort2 (0ms)
			AwakeInstancesAfterBackupRestoration (0ms)
Platform modules already initialized, skipping
Registering precompiled user dll's ...
Registered in 0.002804 seconds.
Begin MonoManager ReloadAssembly
Native extension for WindowsStandalone target not found
Native extension for OSXStandalone target not found
Refreshing native plugins compatible for Editor in 58.92 ms, found 2 plugins.
Preloading 0 native plugins for Editor in 0.00 ms.
Mono: successfully reloaded assembly
- Completed reload, in  0.998 seconds
Domain Reload Profiling:
	ReloadAssembly (999ms)
		BeginReloadAssembly (106ms)
			ExecutionOrderSort (0ms)
			DisableScriptedObjects (3ms)
			BackupInstance (0ms)
			ReleaseScriptingObjects (0ms)
			CreateAndSetChildDomain (14ms)
		EndReloadAssembly (854ms)
			LoadAssemblies (61ms)
			RebuildTransferFunctionScriptingTraits (0ms)
			SetupTypeCache (246ms)
			ReleaseScriptCaches (1ms)
			RebuildScriptCaches (63ms)
			SetupLoadedEditorAssemblies (322ms)
				LogAssemblyErrors (0ms)
				InitializePlatformSupportModulesInManaged (5ms)
				SetLoadedEditorAssemblies (0ms)
				RefreshPlugins (59ms)
				BeforeProcessingInitializeOnLoad (66ms)
				ProcessInitializeOnLoadAttributes (184ms)
				ProcessInitializeOnLoadMethodAttributes (3ms)
				AfterProcessingInitializeOnLoad (4ms)
				EditorAssembliesLoaded (0ms)
			ExecutionOrderSort2 (0ms)
			AwakeInstancesAfterBackupRestoration (4ms)
Platform modules already initialized, skipping
========================================================================
Worker process is ready to serve import requests
Shader 'Universal Render Pipeline/Particles/Lit': fallback shader 'Universal Render Pipeline/Particles/SimpleLit' not found
Launched and connected shader compiler UnityShaderCompiler.exe after 0.04 seconds
Refreshing native plugins compatible for Editor in 1.51 ms, found 2 plugins.
Preloading 0 native plugins for Editor in 0.00 ms.
Unloading 2840 Unused Serialized files (Serialized files now loaded: 0)
System memory in use before: 130.8 MB.
System memory in use after: 131.0 MB.

Unloading 19 unused Assets to reduce memory usage. Loaded Objects now: 3274.
Total: 2.641900 ms (FindLiveObjects: 0.264500 ms CreateObjectMapping: 0.097600 ms MarkObjects: 2.204400 ms  DeleteObjects: 0.074300 ms)

AssetImportParameters requested are different than current active one (requested -> active):
  custom:framework-win-MediaFoundation: 216162199b28c13a410421893ffa2e32 -> 
  custom:video-decoder-ogg-theora: a1e56fd34408186e4bbccfd4996cb3dc -> 
  custom:container-muxer-webm: aa71ff27fc2769a1b78a27578f13a17b -> 
  custom:container-demuxer-webm: 4f35f7cbe854078d1ac9338744f61a02 -> 
  custom:container-demuxer-ogg: 62fdf1f143b41e24485cea50d1cbac27 -> 
  custom:video-encoder-webm-vp8: eb34c28f22e8b96e1ab97ce403110664 -> 
  custom:video-decoder-webm-vp8: 9c59270c3fd7afecdb556c50c9e8de78 -> 
  custom:audio-decoder-ogg-vorbis: bf7c407c2cedff20999df2af8eb42d56 -> 
  custom:audio-encoder-webm-vorbis: bf7c407c2cedff20999df2af8eb42d56 -> 
========================================================================
Received Import Request.
  path: Assets/Skybox add-on/Images/Skybox_9.psd
  artifactKey: Guid(6b6b91b9e3b564c089bf19639c9293ed) Importer(815301076,1909f56bfc062723c751e8b465ee728b)
Start importing Assets/Skybox add-on/Images/Skybox_9.psd using Guid(6b6b91b9e3b564c089bf19639c9293ed) Importer(815301076,1909f56bfc062723c751e8b465ee728b)  -> (artifact id: 'f90a73fc8f1471af42cd25ac659401e8') in 0.958892 seconds 
  Import took 0.976668 seconds .

========================================================================
Received Import Request.
  Time since last request: 0.000201 seconds.
  path: Assets/Skybox add-on/Images/Skybox_5.psd
  artifactKey: Guid(63c5a386967fe40c3a63c7c8b4548f0b) Importer(815301076,1909f56bfc062723c751e8b465ee728b)
Start importing Assets/Skybox add-on/Images/Skybox_5.psd using Guid(63c5a386967fe40c3a63c7c8b4548f0b) Importer(815301076,1909f56bfc062723c751e8b465ee728b)  -> (artifact id: '558cb0d7cd945e1875e60bd26f2a2a79') in 0.554556 seconds 
  Import took 0.574159 seconds .

========================================================================
Received Import Request.
  Time since last request: 0.000197 seconds.
  path: Assets/Skybox add-on/Images
  artifactKey: Guid(99f94c830c03d4e75843c10600fec376) Importer(815301076,1909f56bfc062723c751e8b465ee728b)
Start importing Assets/Skybox add-on/Images using Guid(99f94c830c03d4e75843c10600fec376) Importer(815301076,1909f56bfc062723c751e8b465ee728b)  -> (artifact id: 'd7491fe4f1abbfc5ba495d4aa7291cbd') in 0.004977 seconds 
  Import took 0.008137 seconds .

========================================================================
Received Import Request.
  Time since last request: 0.000150 seconds.
  path: Assets/Skybox add-on/Images/Skybox_8.psd
  artifactKey: Guid(bb382678ca6c447288712ff075a0ea43) Importer(815301076,1909f56bfc062723c751e8b465ee728b)
Start importing Assets/Skybox add-on/Images/Skybox_8.psd using Guid(bb382678ca6c447288712ff075a0ea43) Importer(815301076,1909f56bfc062723c751e8b465ee728b)  -> (artifact id: '5d9d3c7e164938cdf3c767f12e2e6454') in 0.667636 seconds 
  Import took 0.695876 seconds .

========================================================================
Received Import Request.
  Time since last request: 0.000281 seconds.
  path: Assets/Skybox add-on/Images/Skybox_2.psd
  artifactKey: Guid(9aa092f1f367c42ce9cd1527aa1b462e) Importer(815301076,1909f56bfc062723c751e8b465ee728b)
Start importing Assets/Skybox add-on/Images/Skybox_2.psd using Guid(9aa092f1f367c42ce9cd1527aa1b462e) Importer(815301076,1909f56bfc062723c751e8b465ee728b)  -> (artifact id: '8d60adab7eafee4371d131746802adfd') in 0.511889 seconds 
  Import took 0.529556 seconds .

========================================================================
Received Import Request.
  Time since last request: 0.000256 seconds.
  path: Assets/Skybox add-on/Images/Skybox_7.psd
  artifactKey: Guid(9468d989d70ec46698f1fda54099187f) Importer(815301076,1909f56bfc062723c751e8b465ee728b)
Start importing Assets/Skybox add-on/Images/Skybox_7.psd using Guid(9468d989d70ec46698f1fda54099187f) Importer(815301076,1909f56bfc062723c751e8b465ee728b)  -> (artifact id: '51d96035861fc33690f7936a04181919') in 0.628270 seconds 
  Import took 0.646549 seconds .

========================================================================
Received Import Request.
  Time since last request: 0.000291 seconds.
  path: Assets/Skybox add-on/Images/Skybox_4.psd
  artifactKey: Guid(a10b8795ef68a48fd8c25c8819d73ea1) Importer(815301076,1909f56bfc062723c751e8b465ee728b)
Start importing Assets/Skybox add-on/Images/Skybox_4.psd using Guid(a10b8795ef68a48fd8c25c8819d73ea1) Importer(815301076,1909f56bfc062723c751e8b465ee728b)  -> (artifact id: 'b7f35f98b217cae3b1f3fc8e5c5c26c9') in 0.705726 seconds 
  Import took 0.724741 seconds .

========================================================================
Received Import Request.
  Time since last request: 0.000265 seconds.
  path: Assets/Skybox add-on
  artifactKey: Guid(55d26694561063b4f81a7e35a9b57fe8) Importer(815301076,1909f56bfc062723c751e8b465ee728b)
Start importing Assets/Skybox add-on using Guid(55d26694561063b4f81a7e35a9b57fe8) Importer(815301076,1909f56bfc062723c751e8b465ee728b)  -> (artifact id: '7ceadc5b5fc83d56a3c6b0cc0478fe41') in 0.005280 seconds 
  Import took 0.009431 seconds .

========================================================================
Received Import Request.
  Time since last request: 0.000227 seconds.
  path: Assets/Skybox add-on/Images/Skybox_10.psd
  artifactKey: Guid(17ce96fa7f18d4d0191dc9d5bfd2a468) Importer(815301076,1909f56bfc062723c751e8b465ee728b)
Start importing Assets/Skybox add-on/Images/Skybox_10.psd using Guid(17ce96fa7f18d4d0191dc9d5bfd2a468) Importer(815301076,1909f56bfc062723c751e8b465ee728b)  -> (artifact id: '60ea9cf12dd275dd4f9f9d0b29d93024') in 0.524710 seconds 
  Import took 0.543727 seconds .

========================================================================
Received Import Request.
  Time since last request: 0.000280 seconds.
  path: Assets/Skybox add-on/Images/Skybox_1.psd
  artifactKey: Guid(6f15d1fec9b21416b94bc4f38e753bd7) Importer(815301076,1909f56bfc062723c751e8b465ee728b)
Start importing Assets/Skybox add-on/Images/Skybox_1.psd using Guid(6f15d1fec9b21416b94bc4f38e753bd7) Importer(815301076,1909f56bfc062723c751e8b465ee728b)  -> (artifact id: '88c46dd2548e59db321e3f6656d536cb') in 0.331398 seconds 
  Import took 0.349713 seconds .

========================================================================
Received Import Request.
  Time since last request: 0.000275 seconds.
  path: Assets/Skybox add-on/Images/Skybox_6.psd
  artifactKey: Guid(6134f2291582d4cf980ed38392f689b5) Importer(815301076,1909f56bfc062723c751e8b465ee728b)
Start importing Assets/Skybox add-on/Images/Skybox_6.psd using Guid(6134f2291582d4cf980ed38392f689b5) Importer(815301076,1909f56bfc062723c751e8b465ee728b)  -> (artifact id: '8993e4ba29a62b38f29b825f6b711d72') in 0.526007 seconds 
  Import took 0.546404 seconds .

========================================================================
Received Import Request.
  Time since last request: 0.000214 seconds.
  path: Assets/Skybox add-on/Images/Skybox_3.psd
  artifactKey: Guid(d110c11b8411849cea2f9290ef4404af) Importer(815301076,1909f56bfc062723c751e8b465ee728b)
Start importing Assets/Skybox add-on/Images/Skybox_3.psd using Guid(d110c11b8411849cea2f9290ef4404af) Importer(815301076,1909f56bfc062723c751e8b465ee728b)  -> (artifact id: 'f796bb5bef447630a1a5541530ebe855') in 0.707030 seconds 
  Import took 0.730575 seconds .

========================================================================
Received Import Request.
  Time since last request: 70.068872 seconds.
  path: Assets/Skybox add-on/Skyboxes
  artifactKey: Guid(69c6fc03eaf954af0bce6fe5741ab6d7) Importer(815301076,1909f56bfc062723c751e8b465ee728b)
Start importing Assets/Skybox add-on/Skyboxes using Guid(69c6fc03eaf954af0bce6fe5741ab6d7) Importer(815301076,1909f56bfc062723c751e8b465ee728b)  -> (artifact id: 'd4374c1c69ac075f9f4c0dc389c26829') in 0.005168 seconds 
  Import took 0.010713 seconds .

========================================================================
Received Prepare
Registering precompiled user dll's ...
Registered in 0.004762 seconds.
Begin MonoManager ReloadAssembly
Native extension for WindowsStandalone target not found
Native extension for OSXStandalone target not found
Refreshing native plugins compatible for Editor in 0.44 ms, found 2 plugins.
Preloading 0 native plugins for Editor in 0.00 ms.
Mono: successfully reloaded assembly
- Completed reload, in  0.678 seconds
Domain Reload Profiling:
	ReloadAssembly (678ms)
		BeginReloadAssembly (73ms)
			ExecutionOrderSort (0ms)
			DisableScriptedObjects (3ms)
			BackupInstance (0ms)
			ReleaseScriptingObjects (0ms)
			CreateAndSetChildDomain (23ms)
		EndReloadAssembly (566ms)
			LoadAssemblies (59ms)
			RebuildTransferFunctionScriptingTraits (0ms)
			SetupTypeCache (181ms)
			ReleaseScriptCaches (1ms)
			RebuildScriptCaches (25ms)
			SetupLoadedEditorAssemblies (232ms)
				LogAssemblyErrors (0ms)
				InitializePlatformSupportModulesInManaged (3ms)
				SetLoadedEditorAssemblies (0ms)
				RefreshPlugins (0ms)
				BeforeProcessingInitializeOnLoad (54ms)
				ProcessInitializeOnLoadAttributes (167ms)
				ProcessInitializeOnLoadMethodAttributes (3ms)
				AfterProcessingInitializeOnLoad (4ms)
				EditorAssembliesLoaded (0ms)
			ExecutionOrderSort2 (0ms)
			AwakeInstancesAfterBackupRestoration (6ms)
Platform modules already initialized, skipping
Shader 'Universal Render Pipeline/Particles/Lit': fallback shader 'Universal Render Pipeline/Particles/SimpleLit' not found
Refreshing native plugins compatible for Editor in 0.40 ms, found 2 plugins.
Preloading 0 native plugins for Editor in 0.00 ms.
Unloading 2711 Unused Serialized files (Serialized files now loaded: 0)
System memory in use before: 124.8 MB.
System memory in use after: 125.1 MB.

Unloading 14 unused Assets to reduce memory usage. Loaded Objects now: 3308.
Total: 2.142600 ms (FindLiveObjects: 0.170600 ms CreateObjectMapping: 0.063700 ms MarkObjects: 1.892600 ms  DeleteObjects: 0.014700 ms)

AssetImportParameters requested are different than current active one (requested -> active):
  custom:framework-win-MediaFoundation: 216162199b28c13a410421893ffa2e32 -> 
  custom:video-decoder-ogg-theora: a1e56fd34408186e4bbccfd4996cb3dc -> 
  custom:container-muxer-webm: aa71ff27fc2769a1b78a27578f13a17b -> 
  custom:container-demuxer-webm: 4f35f7cbe854078d1ac9338744f61a02 -> 
  custom:container-demuxer-ogg: 62fdf1f143b41e24485cea50d1cbac27 -> 
  custom:video-encoder-webm-vp8: eb34c28f22e8b96e1ab97ce403110664 -> 
  custom:video-decoder-webm-vp8: 9c59270c3fd7afecdb556c50c9e8de78 -> 
  custom:audio-decoder-ogg-vorbis: bf7c407c2cedff20999df2af8eb42d56 -> 
  custom:audio-encoder-webm-vorbis: bf7c407c2cedff20999df2af8eb42d56 -> 
AssetImportWorkerClient::OnTransportError - code=2 error=End of file
